# JRE version: Java(TM) SE Runtime Environment (8.0_40-b25) (build 1.8.0_40-b25)
# Java VM: Java HotSpot(TM) 64-Bit Server VM (25.40-b25 mixed mode bsd-amd64 compressed oops)
Heap:
 PSYoungGen      total 4604928K, used 166543K [0x0000000695580000, 0x00000007c0000000, 0x00000007c0000000)
  eden space 4316672K, 1% used [0x0000000695580000,0x0000000699c0f028,0x000000079cd00000)
  from space 288256K, 32% used [0x000000079cd00000,0x00000007a2914df8,0x00000007ae680000)
  to   space 273408K, 0% used [0x00000007af500000,0x00000007af500000,0x00000007c0000000)
 ParOldGen       total 9786880K, used 133065K [0x0000000440000000, 0x0000000695580000, 0x0000000695580000)
  object space 9786880K, 1% used [0x0000000440000000,0x00000004481f2480,0x0000000695580000)
 Metaspace       used 30026K, capacity 30577K, committed 30720K, reserved 1077248K
  class space    used 3404K, capacity 3541K, committed 3584K, reserved 1048576K
GC Heap History (10 events):
Event: 4623.292 GC heap before
{Heap before GC invocations=6 (full 1):
 PSYoungGen      total 4281856K, used 3692661K [0x0000000695580000, 0x00000007c0000000, 0x00000007c0000000)
  eden space 3670528K, 100% used [0x0000000695580000,0x0000000775600000,0x0000000775600000)
  from space 611328K, 3% used [0x000000079ab00000,0x000000079c09d410,0x00000007c0000000)
  to   space 611328K, 0% used [0x0000000775600000,0x0000000775600000,0x000000079ab00000)
 ParOldGen       total 9786880K, used 5147K [0x0000000440000000, 0x0000000695580000, 0x0000000695580000)
  object space 9786880K, 0% used [0x0000000440000000,0x0000000440506db0,0x0000000695580000)
 Metaspace       used 29252K, capacity 29647K, committed 30208K, reserved 1075200K
  class space    used 3371K, capacity 3482K, committed 3584K, reserved 1048576K
Event: 4623.324 GC heap after
Heap after GC invocations=6 (full 1):
 PSYoungGen      total 4281856K, used 145721K [0x0000000695580000, 0x00000007c0000000, 0x00000007c0000000)
  eden space 3670528K, 0% used [0x0000000695580000,0x0000000695580000,0x0000000775600000)
  from space 611328K, 23% used [0x0000000775600000,0x000000077e44e520,0x000000079ab00000)
  to   space 210944K, 0% used [0x00000007b3200000,0x00000007b3200000,0x00000007c0000000)
 ParOldGen       total 9786880K, used 5147K [0x0000000440000000, 0x0000000695580000, 0x0000000695580000)
  object space 9786880K, 0% used [0x0000000440000000,0x0000000440506db0,0x0000000695580000)
 Metaspace       used 29252K, capacity 29647K, committed 30208K, reserved 1075200K
  class space    used 3371K, capacity 3482K, committed 3584K, reserved 1048576K
}
Event: 4667.742 GC heap before
{Heap before GC invocations=7 (full 1):
 PSYoungGen      total 4281856K, used 3816249K [0x0000000695580000, 0x00000007c0000000, 0x00000007c0000000)
  eden space 3670528K, 100% used [0x0000000695580000,0x0000000775600000,0x0000000775600000)
  from space 611328K, 23% used [0x0000000775600000,0x000000077e44e520,0x000000079ab00000)
  to   space 210944K, 0% used [0x00000007b3200000,0x00000007b3200000,0x00000007c0000000)
 ParOldGen       total 9786880K, used 5147K [0x0000000440000000, 0x0000000695580000, 0x0000000695580000)
  object space 9786880K, 0% used [0x0000000440000000,0x0000000440506db0,0x0000000695580000)
 Metaspace       used 29359K, capacity 29711K, committed 30208K, reserved 1075200K
  class space    used 3371K, capacity 3482K, committed 3584K, reserved 1048576K
Event: 4667.805 GC heap after
Heap after GC invocations=7 (full 1):
 PSYoungGen      total 4600320K, used 196451K [0x0000000695580000, 0x00000007c0000000, 0x00000007c0000000)
  eden space 4389376K, 0% used [0x0000000695580000,0x0000000695580000,0x00000007a1400000)
  from space 210944K, 93% used [0x00000007b3200000,0x00000007bf1d8ec8,0x00000007c0000000)
  to   space 251904K, 0% used [0x00000007a1400000,0x00000007a1400000,0x00000007b0a00000)
 ParOldGen       total 9786880K, used 26434K [0x0000000440000000, 0x0000000695580000, 0x0000000695580000)
  object space 9786880K, 0% used [0x0000000440000000,0x00000004419d0bc0,0x0000000695580000)
 Metaspace       used 29359K, capacity 29711K, committed 30208K, reserved 1075200K
  class space    used 3371K, capacity 3482K, committed 3584K, reserved 1048576K
}
Event: 5895.265 GC heap before
{Heap before GC invocations=8 (full 1):
 PSYoungGen      total 4600320K, used 4585827K [0x0000000695580000, 0x00000007c0000000, 0x00000007c0000000)
  eden space 4389376K, 100% used [0x0000000695580000,0x00000007a1400000,0x00000007a1400000)
  from space 210944K, 93% used [0x00000007b3200000,0x00000007bf1d8ec8,0x00000007c0000000)
  to   space 251904K, 0% used [0x00000007a1400000,0x00000007a1400000,0x00000007b0a00000)
 ParOldGen       total 9786880K, used 26434K [0x0000000440000000, 0x0000000695580000, 0x0000000695580000)
  object space 9786880K, 0% used [0x0000000440000000,0x00000004419d0bc0,0x0000000695580000)
 Metaspace       used 29876K, capacity 30379K, committed 30464K, reserved 1077248K
  class space    used 3403K, capacity 3540K, committed 3584K, reserved 1048576K
Event: 5895.279 GC heap after
Heap after GC invocations=8 (full 1):
 PSYoungGen      total 4641280K, used 54064K [0x0000000695580000, 0x00000007c0000000, 0x00000007c0000000)
  eden space 4389376K, 0% used [0x0000000695580000,0x0000000695580000,0x00000007a1400000)
  from space 251904K, 21% used [0x00000007a1400000,0x00000007a48cc338,0x00000007b0a00000)
  to   space 243200K, 0% used [0x00000007b1280000,0x00000007b1280000,0x00000007c0000000)
 ParOldGen       total 9786880K, used 26442K [0x0000000440000000, 0x0000000695580000, 0x0000000695580000)
  object space 9786880K, 0% used [0x0000000440000000,0x00000004419d2bc0,0x0000000695580000)
 Metaspace       used 29876K, capacity 30379K, committed 30464K, reserved 1077248K
  class space    used 3403K, capacity 3540K, committed 3584K, reserved 1048576K
}
Event: 5999.507 GC heap before
{Heap before GC invocations=9 (full 1):
 PSYoungGen      total 4641280K, used 4443440K [0x0000000695580000, 0x00000007c0000000, 0x00000007c0000000)
  eden space 4389376K, 100% used [0x0000000695580000,0x00000007a1400000,0x00000007a1400000)
  from space 251904K, 21% used [0x00000007a1400000,0x00000007a48cc338,0x00000007b0a00000)
  to   space 243200K, 0% used [0x00000007b1280000,0x00000007b1280000,0x00000007c0000000)
 ParOldGen       total 9786880K, used 26488K [0x0000000440000000, 0x0000000695580000, 0x0000000695580000)
  object space 9786880K, 0% used [0x0000000440000000,0x00000004419de220,0x0000000695580000)
 Metaspace       used 29949K, capacity 30449K, committed 30720K, reserved 1077248K
  class space    used 3404K, capacity 3541K, committed 3584K, reserved 1048576K
Event: 5999.555 GC heap after
Heap after GC invocations=9 (full 1):
 PSYoungGen      total 4559872K, used 242400K [0x0000000695580000, 0x00000007c0000000, 0x00000007c0000000)
  eden space 4316672K, 0% used [0x0000000695580000,0x0000000695580000,0x000000079cd00000)
  from space 243200K, 99% used [0x00000007b1280000,0x00000007bff38120,0x00000007c0000000)
  to   space 288256K, 0% used [0x000000079cd00000,0x000000079cd00000,0x00000007ae680000)
 ParOldGen       total 9786880K, used 47768K [0x0000000440000000, 0x0000000695580000, 0x0000000695580000)
  object space 9786880K, 0% used [0x0000000440000000,0x0000000442ea6030,0x0000000695580000)
 Metaspace       used 29949K, capacity 30449K, committed 30720K, reserved 1077248K
  class space    used 3404K, capacity 3541K, committed 3584K, reserved 1048576K
}
Event: 6899.043 GC heap before
{Heap before GC invocations=10 (full 1):
 PSYoungGen      total 4559872K, used 4559072K [0x0000000695580000, 0x00000007c0000000, 0x00000007c0000000)
  eden space 4316672K, 100% used [0x0000000695580000,0x000000079cd00000,0x000000079cd00000)
  from space 243200K, 99% used [0x00000007b1280000,0x00000007bff38120,0x00000007c0000000)
  to   space 288256K, 0% used [0x000000079cd00000,0x000000079cd00000,0x00000007ae680000)
 ParOldGen       total 9786880K, used 133057K [0x0000000440000000, 0x0000000695580000, 0x0000000695580000)
  object space 9786880K, 1% used [0x0000000440000000,0x00000004481f0480,0x0000000695580000)
 Metaspace       used 30026K, capacity 30577K, committed 30720K, reserved 1077248K
  class space    used 3404K, capacity 3541K, committed 3584K, reserved 1048576K
Event: 6899.061 GC heap after
Heap after GC invocations=10 (full 1):
 PSYoungGen      total 4604928K, used 94291K [0x0000000695580000, 0x00000007c0000000, 0x00000007c0000000)
  eden space 4316672K, 0% used [0x0000000695580000,0x0000000695580000,0x000000079cd00000)
  from space 288256K, 32% used [0x000000079cd00000,0x00000007a2914df8,0x00000007ae680000)
  to   space 273408K, 0% used [0x00000007af500000,0x00000007af500000,0x00000007c0000000)
 ParOldGen       total 9786880K, used 133065K [0x0000000440000000, 0x0000000695580000, 0x0000000695580000)
  object space 9786880K, 1% used [0x0000000440000000,0x00000004481f2480,0x0000000695580000)
 Metaspace       used 30026K, capacity 30577K, committed 30720K, reserved 1077248K
  class space    used 3404K, capacity 3541K, committed 3584K, reserved 1048576K
}

