# JRE version: Java(TM) SE Runtime Environment (8.0_40-b25) (build 1.8.0_40-b25)
# Java VM: Java HotSpot(TM) 64-Bit Server VM (25.40-b25 mixed mode bsd-amd64 compressed oops)
Heap:
 PSYoungGen      total 2330112K, used 86412K [0x00000006eab00000, 0x00000007c0000000, 0x00000007c0000000)
  eden space 1165312K, 1% used [0x00000006eab00000,0x00000006ec097ec0,0x0000000731d00000)
  from space 1164800K, 5% used [0x0000000731d00000,0x0000000735bcb2a0,0x0000000778e80000)
  to   space 1164800K, 0% used [0x0000000778e80000,0x0000000778e80000,0x00000007c0000000)
 ParOldGen       total 6990848K, used 5074519K [0x0000000540000000, 0x00000006eab00000, 0x00000006eab00000)
  object space 6990848K, 72% used [0x0000000540000000,0x0000000675b95e68,0x00000006eab00000)
 Metaspace       used 38459K, capacity 38894K, committed 39424K, reserved 1085440K
  class space    used 4103K, capacity 4229K, committed 4352K, reserved 1048576K
GC Heap History (10 events):
Event: 79945.775 GC heap before
{Heap before GC invocations=55 (full 3):
 PSYoungGen      total 2949120K, used 2455813K [0x00000006eab00000, 0x00000007c0000000, 0x00000007c0000000)
  eden space 2433024K, 100% used [0x00000006eab00000,0x000000077f300000,0x000000077f300000)
  from space 516096K, 4% used [0x000000077f300000,0x0000000780941410,0x000000079eb00000)
  to   space 483328K, 0% used [0x00000007a2800000,0x00000007a2800000,0x00000007c0000000)
 ParOldGen       total 6990848K, used 3586537K [0x0000000540000000, 0x00000006eab00000, 0x00000006eab00000)
  object space 6990848K, 51% used [0x0000000540000000,0x000000061ae7a530,0x00000006eab00000)
 Metaspace       used 38457K, capacity 38954K, committed 39424K, reserved 1085440K
  class space    used 4125K, capacity 4289K, committed 4352K, reserved 1048576K
Event: 79952.439 GC heap after
Heap after GC invocations=55 (full 3):
 PSYoungGen      total 2863104K, used 388168K [0x00000006eab00000, 0x00000007c0000000, 0x00000007c0000000)
  eden space 2379776K, 0% used [0x00000006eab00000,0x00000006eab00000,0x000000077bf00000)
  from space 483328K, 80% used [0x00000007a2800000,0x00000007ba3120a0,0x00000007c0000000)
  to   space 557568K, 0% used [0x000000077bf00000,0x000000077bf00000,0x000000079df80000)
 ParOldGen       total 6990848K, used 5003097K [0x0000000540000000, 0x00000006eab00000, 0x00000006eab00000)
  object space 6990848K, 71% used [0x0000000540000000,0x00000006715d64c0,0x00000006eab00000)
 Metaspace       used 38457K, capacity 38954K, committed 39424K, reserved 1085440K
  class space    used 4125K, capacity 4289K, committed 4352K, reserved 1048576K
}
Event: 79956.515 GC heap before
{Heap before GC invocations=56 (full 3):
 PSYoungGen      total 2863104K, used 2767944K [0x00000006eab00000, 0x00000007c0000000, 0x00000007c0000000)
  eden space 2379776K, 100% used [0x00000006eab00000,0x000000077bf00000,0x000000077bf00000)
  from space 483328K, 80% used [0x00000007a2800000,0x00000007ba3120a0,0x00000007c0000000)
  to   space 557568K, 0% used [0x000000077bf00000,0x000000077bf00000,0x000000079df80000)
 ParOldGen       total 6990848K, used 5003097K [0x0000000540000000, 0x00000006eab00000, 0x00000006eab00000)
  object space 6990848K, 71% used [0x0000000540000000,0x00000006715d64c0,0x00000006eab00000)
 Metaspace       used 38457K, capacity 38954K, committed 39424K, reserved 1085440K
  class space    used 4125K, capacity 4289K, committed 4352K, reserved 1048576K
Event: 79964.713 GC heap after
Heap after GC invocations=56 (full 3):
 PSYoungGen      total 2937344K, used 557563K [0x00000006eab00000, 0x00000007c0000000, 0x00000007c0000000)
  eden space 2379776K, 0% used [0x00000006eab00000,0x00000006eab00000,0x000000077bf00000)
  from space 557568K, 99% used [0x000000077bf00000,0x000000079df7ef08,0x000000079df80000)
  to   space 557568K, 0% used [0x000000079df80000,0x000000079df80000,0x00000007c0000000)
 ParOldGen       total 6990848K, used 6306325K [0x0000000540000000, 0x00000006eab00000, 0x00000006eab00000)
  object space 6990848K, 90% used [0x0000000540000000,0x00000006c0e857e8,0x00000006eab00000)
 Metaspace       used 38457K, capacity 38954K, committed 39424K, reserved 1085440K
  class space    used 4125K, capacity 4289K, committed 4352K, reserved 1048576K
}
Event: 79964.713 GC heap before
{Heap before GC invocations=57 (full 4):
 PSYoungGen      total 2937344K, used 557563K [0x00000006eab00000, 0x00000007c0000000, 0x00000007c0000000)
  eden space 2379776K, 0% used [0x00000006eab00000,0x00000006eab00000,0x000000077bf00000)
  from space 557568K, 99% used [0x000000077bf00000,0x000000079df7ef08,0x000000079df80000)
  to   space 557568K, 0% used [0x000000079df80000,0x000000079df80000,0x00000007c0000000)
 ParOldGen       total 6990848K, used 6306325K [0x0000000540000000, 0x00000006eab00000, 0x00000006eab00000)
  object space 6990848K, 90% used [0x0000000540000000,0x00000006c0e857e8,0x00000006eab00000)
 Metaspace       used 38457K, capacity 38954K, committed 39424K, reserved 1085440K
  class space    used 4125K, capacity 4289K, committed 4352K, reserved 1048576K
Event: 79987.272 GC heap after
Heap after GC invocations=57 (full 4):
 PSYoungGen      total 2937344K, used 0K [0x00000006eab00000, 0x00000007c0000000, 0x00000007c0000000)
  eden space 2379776K, 0% used [0x00000006eab00000,0x00000006eab00000,0x000000077bf00000)
  from space 557568K, 0% used [0x000000077bf00000,0x000000077bf00000,0x000000079df80000)
  to   space 557568K, 0% used [0x000000079df80000,0x000000079df80000,0x00000007c0000000)
 ParOldGen       total 6990848K, used 3637718K [0x0000000540000000, 0x00000006eab00000, 0x00000006eab00000)
  object space 6990848K, 52% used [0x0000000540000000,0x000000061e075a18,0x00000006eab00000)
 Metaspace       used 38396K, capacity 38830K, committed 39424K, reserved 1085440K
  class space    used 4103K, capacity 4229K, committed 4352K, reserved 1048576K
}
Event: 79994.493 GC heap before
{Heap before GC invocations=58 (full 4):
 PSYoungGen      total 2937344K, used 2379776K [0x00000006eab00000, 0x00000007c0000000, 0x00000007c0000000)
  eden space 2379776K, 100% used [0x00000006eab00000,0x000000077bf00000,0x000000077bf00000)
  from space 557568K, 0% used [0x000000077bf00000,0x000000077bf00000,0x000000079df80000)
  to   space 557568K, 0% used [0x000000079df80000,0x000000079df80000,0x00000007c0000000)
 ParOldGen       total 6990848K, used 3637718K [0x0000000540000000, 0x00000006eab00000, 0x00000006eab00000)
  object space 6990848K, 52% used [0x0000000540000000,0x000000061e075a18,0x00000006eab00000)
 Metaspace       used 38398K, capacity 38830K, committed 39424K, reserved 1085440K
  class space    used 4103K, capacity 4229K, committed 4352K, reserved 1048576K
Event: 79998.173 GC heap after
Heap after GC invocations=58 (full 4):
 PSYoungGen      total 1722880K, used 557548K [0x00000006eab00000, 0x00000007c0000000, 0x00000007c0000000)
  eden space 1165312K, 0% used [0x00000006eab00000,0x00000006eab00000,0x0000000731d00000)
  from space 557568K, 99% used [0x000000079df80000,0x00000007bfffb230,0x00000007c0000000)
  to   space 1164800K, 0% used [0x0000000731d00000,0x0000000731d00000,0x0000000778e80000)
 ParOldGen       total 6990848K, used 4514874K [0x0000000540000000, 0x00000006eab00000, 0x00000006eab00000)
  object space 6990848K, 64% used [0x0000000540000000,0x000000065390e980,0x00000006eab00000)
 Metaspace       used 38398K, capacity 38830K, committed 39424K, reserved 1085440K
  class space    used 4103K, capacity 4229K, committed 4352K, reserved 1048576K
}
Event: 100475.484 GC heap before
{Heap before GC invocations=59 (full 4):
 PSYoungGen      total 1722880K, used 1722860K [0x00000006eab00000, 0x00000007c0000000, 0x00000007c0000000)
  eden space 1165312K, 100% used [0x00000006eab00000,0x0000000731d00000,0x0000000731d00000)
  from space 557568K, 99% used [0x000000079df80000,0x00000007bfffb230,0x00000007c0000000)
  to   space 1164800K, 0% used [0x0000000731d00000,0x0000000731d00000,0x0000000778e80000)
 ParOldGen       total 6990848K, used 4514874K [0x0000000540000000, 0x00000006eab00000, 0x00000006eab00000)
  object space 6990848K, 64% used [0x0000000540000000,0x000000065390e980,0x00000006eab00000)
 Metaspace       used 38459K, capacity 38894K, committed 39424K, reserved 1085440K
  class space    used 4103K, capacity 4229K, committed 4352K, reserved 1048576K
Event: 100480.795 GC heap after
Heap after GC invocations=59 (full 4):
 PSYoungGen      total 2330112K, used 64300K [0x00000006eab00000, 0x00000007c0000000, 0x00000007c0000000)
  eden space 1165312K, 0% used [0x00000006eab00000,0x00000006eab00000,0x0000000731d00000)
  from space 1164800K, 5% used [0x0000000731d00000,0x0000000735bcb2a0,0x0000000778e80000)
  to   space 1164800K, 0% used [0x0000000778e80000,0x0000000778e80000,0x00000007c0000000)
 ParOldGen       total 6990848K, used 5074519K [0x0000000540000000, 0x00000006eab00000, 0x00000006eab00000)
  object space 6990848K, 72% used [0x0000000540000000,0x0000000675b95e68,0x00000006eab00000)
 Metaspace       used 38459K, capacity 38894K, committed 39424K, reserved 1085440K
  class space    used 4103K, capacity 4229K, committed 4352K, reserved 1048576K
}

